2024/08/21 17:52:34 [notice] 1#1: using the "epoll" event method
2024/08/21 17:52:34 [notice] 1#1: nginx/1.27.1
2024/08/21 17:52:34 [notice] 1#1: built by gcc 13.2.1 20240309 (Alpine 13.2.1_git20240309) 
2024/08/21 17:52:34 [notice] 1#1: OS: Linux 6.4.16-linuxkit
2024/08/21 17:52:34 [notice] 1#1: getrlimit(RLIMIT_NOFILE): 1048576:1048576
2024/08/21 17:52:34 [notice] 1#1: start worker processes
2024/08/21 17:52:34 [notice] 1#1: start worker process 30
2024/08/21 17:52:34 [notice] 1#1: start worker process 31
2024/08/21 17:52:34 [notice] 1#1: start worker process 32
2024/08/21 17:52:34 [notice] 1#1: start worker process 33
2024/08/21 18:44:51 [notice] 1#1: signal 3 (SIGQUIT) received, shutting down
2024/08/21 18:44:51 [notice] 30#30: gracefully shutting down
2024/08/21 18:44:51 [notice] 32#32: gracefully shutting down
2024/08/21 18:44:51 [notice] 33#33: gracefully shutting down
2024/08/21 18:44:51 [notice] 33#33: exiting
2024/08/21 18:44:51 [notice] 30#30: exiting
2024/08/21 18:44:51 [notice] 31#31: gracefully shutting down
2024/08/21 18:44:51 [notice] 32#32: exiting
2024/08/21 18:44:51 [notice] 33#33: exit
2024/08/21 18:44:51 [notice] 30#30: exit
2024/08/21 18:44:51 [notice] 31#31: exiting
2024/08/21 18:44:51 [notice] 32#32: exit
2024/08/21 18:44:51 [notice] 31#31: exit
2024/08/21 18:44:51 [notice] 1#1: signal 17 (SIGCHLD) received from 33
2024/08/21 18:44:51 [notice] 1#1: worker process 30 exited with code 0
2024/08/21 18:44:51 [notice] 1#1: worker process 33 exited with code 0
2024/08/21 18:44:51 [notice] 1#1: signal 29 (SIGIO) received
2024/08/21 18:44:51 [notice] 1#1: signal 17 (SIGCHLD) received from 32
2024/08/21 18:44:51 [notice] 1#1: worker process 32 exited with code 0
2024/08/21 18:44:51 [notice] 1#1: signal 29 (SIGIO) received
2024/08/21 18:44:51 [notice] 1#1: signal 17 (SIGCHLD) received from 31
2024/08/21 18:44:51 [notice] 1#1: worker process 31 exited with code 0
2024/08/21 18:44:51 [notice] 1#1: exit
2024/08/21 18:49:55 [notice] 1#1: using the "epoll" event method
2024/08/21 18:49:55 [notice] 1#1: nginx/1.27.1
2024/08/21 18:49:55 [notice] 1#1: built by gcc 13.2.1 20240309 (Alpine 13.2.1_git20240309) 
2024/08/21 18:49:55 [notice] 1#1: OS: Linux 6.4.16-linuxkit
2024/08/21 18:49:55 [notice] 1#1: getrlimit(RLIMIT_NOFILE): 1048576:1048576
2024/08/21 18:49:55 [notice] 1#1: start worker processes
2024/08/21 18:49:55 [notice] 1#1: start worker process 29
2024/08/21 18:49:55 [notice] 1#1: start worker process 30
2024/08/21 18:49:55 [notice] 1#1: start worker process 31
2024/08/21 18:49:55 [notice] 1#1: start worker process 32
2024/08/21 19:29:28 [warn] 32#32: *6 an upstream response is buffered to a temporary file /var/cache/nginx/fastcgi_temp/1/00/0000000001 while reading upstream, client: 192.168.65.1, server: , request: "POST /api/post HTTP/1.1", upstream: "fastcgi://172.21.0.5:9000", host: "localhost:8080"
2024/08/21 19:30:24 [warn] 29#29: *8 an upstream response is buffered to a temporary file /var/cache/nginx/fastcgi_temp/2/00/0000000002 while reading upstream, client: 192.168.65.1, server: , request: "POST /api/post HTTP/1.1", upstream: "fastcgi://172.21.0.5:9000", host: "localhost:8080"
2024/08/22 00:00:06 [warn] 29#29: *12 an upstream response is buffered to a temporary file /var/cache/nginx/fastcgi_temp/3/00/0000000003 while reading upstream, client: 192.168.65.1, server: , request: "POST /api/post HTTP/1.1", upstream: "fastcgi://172.21.0.5:9000", host: "localhost:8080"
2024/08/22 00:00:49 [warn] 29#29: *14 an upstream response is buffered to a temporary file /var/cache/nginx/fastcgi_temp/4/00/0000000004 while reading upstream, client: 192.168.65.1, server: , request: "POST /api/post HTTP/1.1", upstream: "fastcgi://172.21.0.5:9000", host: "localhost:8080"
2024/08/22 00:02:15 [warn] 29#29: *16 an upstream response is buffered to a temporary file /var/cache/nginx/fastcgi_temp/5/00/0000000005 while reading upstream, client: 192.168.65.1, server: , request: "POST /api/post HTTP/1.1", upstream: "fastcgi://172.21.0.5:9000", host: "localhost:8080"
2024/08/22 01:43:16 [notice] 1#1: using the "epoll" event method
2024/08/22 01:43:16 [notice] 1#1: nginx/1.27.1
2024/08/22 01:43:16 [notice] 1#1: built by gcc 13.2.1 20240309 (Alpine 13.2.1_git20240309) 
2024/08/22 01:43:16 [notice] 1#1: OS: Linux 6.4.16-linuxkit
2024/08/22 01:43:16 [notice] 1#1: getrlimit(RLIMIT_NOFILE): 1048576:1048576
2024/08/22 01:43:16 [notice] 1#1: start worker processes
2024/08/22 01:43:16 [notice] 1#1: start worker process 30
2024/08/22 01:43:16 [notice] 1#1: start worker process 31
2024/08/22 01:43:16 [notice] 1#1: start worker process 32
2024/08/22 01:43:16 [notice] 1#1: start worker process 33
2024/08/22 01:44:19 [error] 30#30: *1 upstream timed out (110: Operation timed out) while reading response header from upstream, client: 192.168.65.1, server: , request: "POST /api/post HTTP/1.1", upstream: "fastcgi://172.21.0.3:9000", host: "localhost:8080"
2024/08/22 01:47:53 [warn] 31#31: *20 an upstream response is buffered to a temporary file /var/cache/nginx/fastcgi_temp/1/00/0000000001 while reading upstream, client: 192.168.65.1, server: , request: "POST / HTTP/1.1", upstream: "fastcgi://172.21.0.3:9000", host: "localhost:8080"
2024/08/22 01:48:25 [warn] 31#31: *24 an upstream response is buffered to a temporary file /var/cache/nginx/fastcgi_temp/2/00/0000000002 while reading upstream, client: 192.168.65.1, server: , request: "POST / HTTP/1.1", upstream: "fastcgi://172.21.0.3:9000", host: "localhost:8080"
2024/08/22 01:48:52 [warn] 31#31: *28 an upstream response is buffered to a temporary file /var/cache/nginx/fastcgi_temp/3/00/0000000003 while reading upstream, client: 192.168.65.1, server: , request: "POST / HTTP/1.1", upstream: "fastcgi://172.21.0.3:9000", host: "localhost:8080"
2024/08/22 01:49:48 [warn] 31#31: *34 an upstream response is buffered to a temporary file /var/cache/nginx/fastcgi_temp/4/00/0000000004 while reading upstream, client: 192.168.65.1, server: , request: "POST / HTTP/1.1", upstream: "fastcgi://172.21.0.3:9000", host: "localhost:8080"
2024/08/22 01:53:37 [warn] 31#31: *38 an upstream response is buffered to a temporary file /var/cache/nginx/fastcgi_temp/5/00/0000000005 while reading upstream, client: 192.168.65.1, server: , request: "POST / HTTP/1.1", upstream: "fastcgi://172.21.0.3:9000", host: "localhost:8080"
2024/08/22 01:55:56 [warn] 31#31: *42 an upstream response is buffered to a temporary file /var/cache/nginx/fastcgi_temp/6/00/0000000006 while reading upstream, client: 192.168.65.1, server: , request: "POST / HTTP/1.1", upstream: "fastcgi://172.21.0.3:9000", host: "localhost:8080"
2024/08/22 01:59:01 [warn] 31#31: *46 an upstream response is buffered to a temporary file /var/cache/nginx/fastcgi_temp/7/00/0000000007 while reading upstream, client: 192.168.65.1, server: , request: "POST / HTTP/1.1", upstream: "fastcgi://172.21.0.3:9000", host: "localhost:8080"
2024/08/28 22:38:02 [notice] 1#1: using the "epoll" event method
2024/08/28 22:38:02 [notice] 1#1: nginx/1.27.1
2024/08/28 22:38:02 [notice] 1#1: built by gcc 13.2.1 20240309 (Alpine 13.2.1_git20240309) 
2024/08/28 22:38:02 [notice] 1#1: OS: Linux 6.4.16-linuxkit
2024/08/28 22:38:02 [notice] 1#1: getrlimit(RLIMIT_NOFILE): 1048576:1048576
2024/08/28 22:38:02 [notice] 1#1: start worker processes
2024/08/28 22:38:02 [notice] 1#1: start worker process 29
2024/08/28 22:38:02 [notice] 1#1: start worker process 30
2024/08/28 22:38:02 [notice] 1#1: start worker process 31
2024/08/28 22:38:02 [notice] 1#1: start worker process 32
2024/09/04 22:38:33 [notice] 1#1: using the "epoll" event method
2024/09/04 22:38:33 [notice] 1#1: nginx/1.27.1
2024/09/04 22:38:33 [notice] 1#1: built by gcc 13.2.1 20240309 (Alpine 13.2.1_git20240309) 
2024/09/04 22:38:33 [notice] 1#1: OS: Linux 6.4.16-linuxkit
2024/09/04 22:38:33 [notice] 1#1: getrlimit(RLIMIT_NOFILE): 1048576:1048576
2024/09/04 22:38:33 [notice] 1#1: start worker processes
2024/09/04 22:38:33 [notice] 1#1: start worker process 30
2024/09/04 22:38:33 [notice] 1#1: start worker process 31
2024/09/04 22:38:33 [notice] 1#1: start worker process 32
2024/09/04 22:38:33 [notice] 1#1: start worker process 33
2024/09/11 22:27:27 [notice] 1#1: using the "epoll" event method
2024/09/11 22:27:27 [notice] 1#1: nginx/1.27.1
2024/09/11 22:27:27 [notice] 1#1: built by gcc 13.2.1 20240309 (Alpine 13.2.1_git20240309) 
2024/09/11 22:27:27 [notice] 1#1: OS: Linux 6.4.16-linuxkit
2024/09/11 22:27:27 [notice] 1#1: getrlimit(RLIMIT_NOFILE): 1048576:1048576
2024/09/11 22:27:27 [notice] 1#1: start worker processes
2024/09/11 22:27:27 [notice] 1#1: start worker process 28
2024/09/11 22:27:27 [notice] 1#1: start worker process 29
2024/09/11 22:27:27 [notice] 1#1: start worker process 30
2024/09/11 22:27:27 [notice] 1#1: start worker process 31
2024/09/12 00:32:55 [warn] 29#29: *11 an upstream response is buffered to a temporary file /var/cache/nginx/fastcgi_temp/1/00/0000000001 while reading upstream, client: 192.168.65.1, server: , request: "GET /api/post/1 HTTP/1.1", upstream: "fastcgi://172.18.0.3:9000", host: "localhost:8080"
2024/09/12 00:35:11 [warn] 29#29: *17 an upstream response is buffered to a temporary file /var/cache/nginx/fastcgi_temp/2/00/0000000002 while reading upstream, client: 192.168.65.1, server: , request: "GET /api/post/1 HTTP/1.1", upstream: "fastcgi://172.18.0.3:9000", host: "localhost:8080"
2024/09/12 00:36:12 [warn] 29#29: *21 an upstream response is buffered to a temporary file /var/cache/nginx/fastcgi_temp/3/00/0000000003 while reading upstream, client: 192.168.65.1, server: , request: "GET /api/post/1 HTTP/1.1", upstream: "fastcgi://172.18.0.3:9000", host: "localhost:8080"
2024/09/18 22:21:31 [notice] 1#1: using the "epoll" event method
2024/09/18 22:21:31 [notice] 1#1: nginx/1.27.1
2024/09/18 22:21:31 [notice] 1#1: built by gcc 13.2.1 20240309 (Alpine 13.2.1_git20240309) 
2024/09/18 22:21:31 [notice] 1#1: OS: Linux 6.4.16-linuxkit
2024/09/18 22:21:31 [notice] 1#1: getrlimit(RLIMIT_NOFILE): 1048576:1048576
2024/09/18 22:21:31 [notice] 1#1: start worker processes
2024/09/18 22:21:31 [notice] 1#1: start worker process 29
2024/09/18 22:21:31 [notice] 1#1: start worker process 30
2024/09/18 22:21:31 [notice] 1#1: start worker process 31
2024/09/18 22:21:31 [notice] 1#1: start worker process 32
2024/09/18 22:30:39 [warn] 31#31: *6 an upstream response is buffered to a temporary file /var/cache/nginx/fastcgi_temp/1/00/0000000001 while reading upstream, client: 192.168.65.1, server: , request: "GET /api/post HTTP/1.1", upstream: "fastcgi://172.18.0.3:9000", host: "localhost:8080"
2024/09/18 22:41:38 [warn] 29#29: *16 an upstream response is buffered to a temporary file /var/cache/nginx/fastcgi_temp/2/00/0000000002 while reading upstream, client: 192.168.65.1, server: , request: "GET /api/users HTTP/1.1", upstream: "fastcgi://172.18.0.3:9000", host: "localhost:8080"
2024/09/18 22:42:06 [warn] 29#29: *18 an upstream response is buffered to a temporary file /var/cache/nginx/fastcgi_temp/3/00/0000000003 while reading upstream, client: 192.168.65.1, server: , request: "GET /api/users HTTP/1.1", upstream: "fastcgi://172.18.0.3:9000", host: "localhost:8080"
2024/09/18 22:42:41 [warn] 29#29: *20 an upstream response is buffered to a temporary file /var/cache/nginx/fastcgi_temp/4/00/0000000004 while reading upstream, client: 192.168.65.1, server: , request: "GET /api/users HTTP/1.1", upstream: "fastcgi://172.18.0.3:9000", host: "localhost:8080"
2024/09/18 22:43:27 [warn] 29#29: *22 an upstream response is buffered to a temporary file /var/cache/nginx/fastcgi_temp/5/00/0000000005 while reading upstream, client: 192.168.65.1, server: , request: "GET /api/users HTTP/1.1", upstream: "fastcgi://172.18.0.3:9000", host: "localhost:8080"
2024/09/18 22:48:30 [warn] 29#29: *26 an upstream response is buffered to a temporary file /var/cache/nginx/fastcgi_temp/6/00/0000000006 while reading upstream, client: 192.168.65.1, server: , request: "GET /api/users HTTP/1.1", upstream: "fastcgi://172.18.0.3:9000", host: "localhost:8080"
2024/09/18 23:04:48 [warn] 29#29: *32 an upstream response is buffered to a temporary file /var/cache/nginx/fastcgi_temp/7/00/0000000007 while reading upstream, client: 192.168.65.1, server: , request: "GET /api/users HTTP/1.1", upstream: "fastcgi://172.18.0.3:9000", host: "localhost:8080"
2024/09/18 23:20:17 [warn] 29#29: *34 an upstream response is buffered to a temporary file /var/cache/nginx/fastcgi_temp/8/00/0000000008 while reading upstream, client: 192.168.65.1, server: , request: "GET /api/users HTTP/1.1", upstream: "fastcgi://172.18.0.3:9000", host: "localhost:8080"
2024/09/18 23:42:14 [warn] 30#30: *44 an upstream response is buffered to a temporary file /var/cache/nginx/fastcgi_temp/9/00/0000000009 while reading upstream, client: 192.168.65.1, server: , request: "GET /api/users HTTP/1.1", upstream: "fastcgi://172.18.0.3:9000", host: "localhost:8080"
2024/09/19 16:54:45 [warn] 30#30: *62 an upstream response is buffered to a temporary file /var/cache/nginx/fastcgi_temp/0/01/0000000010 while reading upstream, client: 192.168.65.1, server: , request: "GET /api/users HTTP/1.1", upstream: "fastcgi://172.18.0.3:9000", host: "localhost:8080"
2024/09/25 22:59:04 [notice] 1#1: using the "epoll" event method
2024/09/25 22:59:04 [notice] 1#1: nginx/1.27.1
2024/09/25 22:59:04 [notice] 1#1: built by gcc 13.2.1 20240309 (Alpine 13.2.1_git20240309) 
2024/09/25 22:59:04 [notice] 1#1: OS: Linux 6.4.16-linuxkit
2024/09/25 22:59:04 [notice] 1#1: getrlimit(RLIMIT_NOFILE): 1048576:1048576
2024/09/25 22:59:04 [notice] 1#1: start worker processes
2024/09/25 22:59:04 [notice] 1#1: start worker process 29
2024/09/25 22:59:04 [notice] 1#1: start worker process 30
2024/09/25 22:59:04 [notice] 1#1: start worker process 31
2024/09/25 22:59:04 [notice] 1#1: start worker process 32
2024/09/25 23:08:33 [warn] 30#30: *1 an upstream response is buffered to a temporary file /var/cache/nginx/fastcgi_temp/1/00/0000000001 while reading upstream, client: 192.168.65.1, server: , request: "GET /api/post HTTP/1.1", upstream: "fastcgi://172.18.0.5:9000", host: "localhost:8080"
2024/09/25 23:09:31 [warn] 31#31: *5 an upstream response is buffered to a temporary file /var/cache/nginx/fastcgi_temp/2/00/0000000002 while reading upstream, client: 192.168.65.1, server: , request: "GET /api/post HTTP/1.1", upstream: "fastcgi://172.18.0.5:9000", host: "localhost:8080"
2024/09/25 23:19:18 [warn] 30#30: *13 an upstream response is buffered to a temporary file /var/cache/nginx/fastcgi_temp/3/00/0000000003 while reading upstream, client: 192.168.65.1, server: , request: "GET /api/post HTTP/1.1", upstream: "fastcgi://172.18.0.5:9000", host: "localhost:8080"
2024/09/25 23:41:21 [warn] 30#30: *21 an upstream response is buffered to a temporary file /var/cache/nginx/fastcgi_temp/4/00/0000000004 while reading upstream, client: 192.168.65.1, server: , request: "GET /api/post HTTP/1.1", upstream: "fastcgi://172.18.0.5:9000", host: "localhost:8080"
2024/09/26 15:49:13 [emerg] 1#1: host not found in upstream "php" in /etc/nginx/conf.d/default.conf:18
2024/09/26 15:50:02 [notice] 1#1: using the "epoll" event method
2024/09/26 15:50:02 [notice] 1#1: nginx/1.27.1
2024/09/26 15:50:02 [notice] 1#1: built by gcc 13.2.1 20240309 (Alpine 13.2.1_git20240309) 
2024/09/26 15:50:02 [notice] 1#1: OS: Linux 6.4.16-linuxkit
2024/09/26 15:50:02 [notice] 1#1: getrlimit(RLIMIT_NOFILE): 1048576:1048576
2024/09/26 15:50:02 [notice] 1#1: start worker processes
2024/09/26 15:50:02 [notice] 1#1: start worker process 28
2024/09/26 15:50:02 [notice] 1#1: start worker process 29
2024/09/26 15:50:02 [notice] 1#1: start worker process 30
2024/09/26 15:50:02 [notice] 1#1: start worker process 31
2024/10/09 22:28:39 [notice] 1#1: using the "epoll" event method
2024/10/09 22:28:39 [notice] 1#1: nginx/1.27.1
2024/10/09 22:28:39 [notice] 1#1: built by gcc 13.2.1 20240309 (Alpine 13.2.1_git20240309) 
2024/10/09 22:28:39 [notice] 1#1: OS: Linux 6.4.16-linuxkit
2024/10/09 22:28:39 [notice] 1#1: getrlimit(RLIMIT_NOFILE): 1048576:1048576
2024/10/09 22:28:39 [notice] 1#1: start worker processes
2024/10/09 22:28:39 [notice] 1#1: start worker process 29
2024/10/09 22:28:39 [notice] 1#1: start worker process 30
2024/10/09 22:28:39 [notice] 1#1: start worker process 31
2024/10/09 22:28:39 [notice] 1#1: start worker process 32
2024/10/09 23:15:08 [warn] 30#30: *12 an upstream response is buffered to a temporary file /var/cache/nginx/fastcgi_temp/1/00/0000000001 while reading upstream, client: 192.168.65.1, server: , request: "DELETE /api/users/12 HTTP/1.1", upstream: "fastcgi://172.18.0.3:9000", host: "localhost:8080"
2024/10/09 23:16:11 [warn] 30#30: *18 an upstream response is buffered to a temporary file /var/cache/nginx/fastcgi_temp/2/00/0000000002 while reading upstream, client: 192.168.65.1, server: , request: "GET /api/users/12 HTTP/1.1", upstream: "fastcgi://172.18.0.3:9000", host: "localhost:8080"
2024/10/09 23:23:35 [warn] 30#30: *26 an upstream response is buffered to a temporary file /var/cache/nginx/fastcgi_temp/3/00/0000000003 while reading upstream, client: 192.168.65.1, server: , request: "GET /api/users/12 HTTP/1.1", upstream: "fastcgi://172.18.0.3:9000", host: "localhost:8080"
2024/10/11 23:41:29 [notice] 1#1: using the "epoll" event method
2024/10/11 23:41:29 [notice] 1#1: nginx/1.27.1
2024/10/11 23:41:29 [notice] 1#1: built by gcc 13.2.1 20240309 (Alpine 13.2.1_git20240309) 
2024/10/11 23:41:29 [notice] 1#1: OS: Linux 6.4.16-linuxkit
2024/10/11 23:41:29 [notice] 1#1: getrlimit(RLIMIT_NOFILE): 1048576:1048576
2024/10/11 23:41:29 [notice] 1#1: start worker processes
2024/10/11 23:41:29 [notice] 1#1: start worker process 29
2024/10/11 23:41:29 [notice] 1#1: start worker process 30
2024/10/11 23:41:29 [notice] 1#1: start worker process 31
2024/10/11 23:41:29 [notice] 1#1: start worker process 32
2025/04/27 19:01:19 [notice] 1#1: using the "epoll" event method
2025/04/27 19:01:19 [notice] 1#1: nginx/1.27.5
2025/04/27 19:01:19 [notice] 1#1: built by gcc 14.2.0 (Alpine 14.2.0) 
2025/04/27 19:01:19 [notice] 1#1: OS: Linux 5.15.167.4-microsoft-standard-WSL2
2025/04/27 19:01:19 [notice] 1#1: getrlimit(RLIMIT_NOFILE): 1048576:1048576
2025/04/27 19:01:19 [notice] 1#1: start worker processes
2025/04/27 19:01:19 [notice] 1#1: start worker process 29
2025/04/27 19:01:19 [notice] 1#1: start worker process 30
2025/04/27 19:01:19 [notice] 1#1: start worker process 31
2025/04/27 19:01:19 [notice] 1#1: start worker process 32
2025/04/27 19:01:19 [notice] 1#1: start worker process 33
2025/04/27 19:01:19 [notice] 1#1: start worker process 34
2025/04/27 19:01:19 [notice] 1#1: start worker process 35
2025/04/27 19:01:19 [notice] 1#1: start worker process 36
2025/04/27 19:01:19 [notice] 1#1: start worker process 37
2025/04/27 19:01:19 [notice] 1#1: start worker process 38
2025/04/27 19:01:19 [notice] 1#1: start worker process 39
2025/04/27 19:01:19 [notice] 1#1: start worker process 40
2025/04/27 21:38:32 [notice] 1#1: signal 3 (SIGQUIT) received, shutting down
2025/04/27 21:38:32 [notice] 29#29: gracefully shutting down
2025/04/27 21:38:32 [notice] 30#30: gracefully shutting down
2025/04/27 21:38:32 [notice] 32#32: gracefully shutting down
2025/04/27 21:38:32 [notice] 31#31: gracefully shutting down
2025/04/27 21:38:32 [notice] 33#33: gracefully shutting down
2025/04/27 21:38:32 [notice] 38#38: gracefully shutting down
2025/04/27 21:38:32 [notice] 37#37: gracefully shutting down
2025/04/27 21:38:32 [notice] 40#40: gracefully shutting down
2025/04/27 21:38:32 [notice] 36#36: gracefully shutting down
2025/04/27 21:38:32 [notice] 39#39: gracefully shutting down
2025/04/27 21:38:32 [notice] 34#34: gracefully shutting down
2025/04/27 21:38:32 [notice] 35#35: gracefully shutting down
2025/04/27 21:38:32 [notice] 29#29: exiting
2025/04/27 21:38:32 [notice] 30#30: exiting
2025/04/27 21:38:32 [notice] 32#32: exiting
2025/04/27 21:38:32 [notice] 31#31: exiting
2025/04/27 21:38:32 [notice] 33#33: exiting
2025/04/27 21:38:32 [notice] 38#38: exiting
2025/04/27 21:38:32 [notice] 37#37: exiting
2025/04/27 21:38:32 [notice] 40#40: exiting
2025/04/27 21:38:32 [notice] 36#36: exiting
2025/04/27 21:38:32 [notice] 39#39: exiting
2025/04/27 21:38:32 [notice] 34#34: exiting
2025/04/27 21:38:32 [notice] 35#35: exiting
2025/04/27 21:38:32 [notice] 29#29: exit
2025/04/27 21:38:32 [notice] 30#30: exit
2025/04/27 21:38:32 [notice] 32#32: exit
2025/04/27 21:38:32 [notice] 31#31: exit
2025/04/27 21:38:32 [notice] 33#33: exit
2025/04/27 21:38:32 [notice] 38#38: exit
2025/04/27 21:38:32 [notice] 37#37: exit
2025/04/27 21:38:32 [notice] 40#40: exit
2025/04/27 21:38:32 [notice] 36#36: exit
2025/04/27 21:38:32 [notice] 39#39: exit
2025/04/27 21:38:32 [notice] 34#34: exit
2025/04/27 21:38:32 [notice] 35#35: exit
2025/04/27 21:38:32 [notice] 1#1: signal 17 (SIGCHLD) received from 39
2025/04/27 21:38:32 [notice] 1#1: worker process 30 exited with code 0
2025/04/27 21:38:32 [notice] 1#1: worker process 39 exited with code 0
2025/04/27 21:38:32 [notice] 1#1: signal 29 (SIGIO) received
2025/04/27 21:38:32 [notice] 1#1: signal 17 (SIGCHLD) received from 36
2025/04/27 21:38:32 [notice] 1#1: worker process 31 exited with code 0
2025/04/27 21:38:32 [notice] 1#1: worker process 32 exited with code 0
2025/04/27 21:38:32 [notice] 1#1: worker process 34 exited with code 0
2025/04/27 21:38:32 [notice] 1#1: worker process 35 exited with code 0
2025/04/27 21:38:32 [notice] 1#1: worker process 36 exited with code 0
2025/04/27 21:38:32 [notice] 1#1: worker process 37 exited with code 0
2025/04/27 21:38:32 [notice] 1#1: worker process 38 exited with code 0
2025/04/27 21:38:32 [notice] 1#1: worker process 40 exited with code 0
2025/04/27 21:38:32 [notice] 1#1: signal 29 (SIGIO) received
2025/04/27 21:38:32 [notice] 1#1: signal 17 (SIGCHLD) received from 35
2025/04/27 21:38:32 [notice] 1#1: signal 17 (SIGCHLD) received from 29
2025/04/27 21:38:32 [notice] 1#1: worker process 29 exited with code 0
2025/04/27 21:38:32 [notice] 1#1: worker process 33 exited with code 0
2025/04/27 21:38:32 [notice] 1#1: exit
2025/04/27 21:38:50 [notice] 1#1: using the "epoll" event method
2025/04/27 21:38:50 [notice] 1#1: nginx/1.27.5
2025/04/27 21:38:50 [notice] 1#1: built by gcc 14.2.0 (Alpine 14.2.0) 
2025/04/27 21:38:50 [notice] 1#1: OS: Linux 5.15.167.4-microsoft-standard-WSL2
2025/04/27 21:38:50 [notice] 1#1: getrlimit(RLIMIT_NOFILE): 1048576:1048576
2025/04/27 21:38:50 [notice] 1#1: start worker processes
2025/04/27 21:38:50 [notice] 1#1: start worker process 29
2025/04/27 21:38:50 [notice] 1#1: start worker process 30
2025/04/27 21:38:50 [notice] 1#1: start worker process 31
2025/04/27 21:38:50 [notice] 1#1: start worker process 32
2025/04/27 21:38:50 [notice] 1#1: start worker process 33
2025/04/27 21:38:50 [notice] 1#1: start worker process 34
2025/04/27 21:38:50 [notice] 1#1: start worker process 35
2025/04/27 21:38:50 [notice] 1#1: start worker process 36
2025/04/27 21:38:50 [notice] 1#1: start worker process 37
2025/04/27 21:38:50 [notice] 1#1: start worker process 38
2025/04/27 21:38:50 [notice] 1#1: start worker process 39
2025/04/27 21:38:50 [notice] 1#1: start worker process 40
2025/04/27 21:43:09 [notice] 1#1: signal 3 (SIGQUIT) received, shutting down
2025/04/27 21:43:09 [notice] 29#29: gracefully shutting down
2025/04/27 21:43:09 [notice] 30#30: gracefully shutting down
2025/04/27 21:43:09 [notice] 33#33: gracefully shutting down
2025/04/27 21:43:09 [notice] 30#30: exiting
2025/04/27 21:43:09 [notice] 34#34: gracefully shutting down
2025/04/27 21:43:09 [notice] 34#34: exiting
2025/04/27 21:43:09 [notice] 35#35: gracefully shutting down
2025/04/27 21:43:09 [notice] 37#37: gracefully shutting down
2025/04/27 21:43:09 [notice] 35#35: exiting
2025/04/27 21:43:09 [notice] 38#38: gracefully shutting down
2025/04/27 21:43:09 [notice] 38#38: exiting
2025/04/27 21:43:09 [notice] 39#39: gracefully shutting down
2025/04/27 21:43:09 [notice] 40#40: gracefully shutting down
2025/04/27 21:43:09 [notice] 40#40: exiting
2025/04/27 21:43:09 [notice] 31#31: gracefully shutting down
2025/04/27 21:43:09 [notice] 32#32: gracefully shutting down
2025/04/27 21:43:09 [notice] 36#36: gracefully shutting down
2025/04/27 21:43:09 [notice] 29#29: exiting
2025/04/27 21:43:09 [notice] 33#33: exiting
2025/04/27 21:43:09 [notice] 30#30: exit
2025/04/27 21:43:09 [notice] 34#34: exit
2025/04/27 21:43:09 [notice] 37#37: exiting
2025/04/27 21:43:09 [notice] 35#35: exit
2025/04/27 21:43:09 [notice] 38#38: exit
2025/04/27 21:43:09 [notice] 39#39: exiting
2025/04/27 21:43:09 [notice] 40#40: exit
2025/04/27 21:43:09 [notice] 31#31: exiting
2025/04/27 21:43:09 [notice] 32#32: exiting
2025/04/27 21:43:09 [notice] 36#36: exiting
2025/04/27 21:43:09 [notice] 29#29: exit
2025/04/27 21:43:09 [notice] 33#33: exit
2025/04/27 21:43:09 [notice] 37#37: exit
2025/04/27 21:43:09 [notice] 39#39: exit
2025/04/27 21:43:09 [notice] 31#31: exit
2025/04/27 21:43:09 [notice] 32#32: exit
2025/04/27 21:43:09 [notice] 36#36: exit
2025/04/27 21:43:09 [notice] 1#1: signal 17 (SIGCHLD) received from 35
2025/04/27 21:43:09 [notice] 1#1: worker process 35 exited with code 0
2025/04/27 21:43:09 [notice] 1#1: worker process 39 exited with code 0
2025/04/27 21:43:09 [notice] 1#1: signal 29 (SIGIO) received
2025/04/27 21:43:09 [notice] 1#1: signal 17 (SIGCHLD) received from 40
2025/04/27 21:43:09 [notice] 1#1: worker process 40 exited with code 0
2025/04/27 21:43:09 [notice] 1#1: signal 29 (SIGIO) received
2025/04/27 21:43:09 [notice] 1#1: signal 17 (SIGCHLD) received from 34
2025/04/27 21:43:09 [notice] 1#1: worker process 29 exited with code 0
2025/04/27 21:43:09 [notice] 1#1: worker process 30 exited with code 0
2025/04/27 21:43:09 [notice] 1#1: worker process 31 exited with code 0
2025/04/27 21:43:09 [notice] 1#1: worker process 32 exited with code 0
2025/04/27 21:43:09 [notice] 1#1: worker process 33 exited with code 0
2025/04/27 21:43:09 [notice] 1#1: worker process 34 exited with code 0
2025/04/27 21:43:09 [notice] 1#1: worker process 37 exited with code 0
2025/04/27 21:43:09 [notice] 1#1: worker process 38 exited with code 0
2025/04/27 21:43:09 [notice] 1#1: signal 29 (SIGIO) received
2025/04/27 21:43:09 [notice] 1#1: signal 17 (SIGCHLD) received from 32
2025/04/27 21:43:09 [notice] 1#1: signal 17 (SIGCHLD) received from 36
2025/04/27 21:43:09 [notice] 1#1: worker process 36 exited with code 0
2025/04/27 21:43:09 [notice] 1#1: exit
2025/04/27 21:44:10 [notice] 1#1: using the "epoll" event method
2025/04/27 21:44:10 [notice] 1#1: nginx/1.27.5
2025/04/27 21:44:10 [notice] 1#1: built by gcc 14.2.0 (Alpine 14.2.0) 
2025/04/27 21:44:10 [notice] 1#1: OS: Linux 5.15.167.4-microsoft-standard-WSL2
2025/04/27 21:44:10 [notice] 1#1: getrlimit(RLIMIT_NOFILE): 1048576:1048576
2025/04/27 21:44:10 [notice] 1#1: start worker processes
2025/04/27 21:44:10 [notice] 1#1: start worker process 29
2025/04/27 21:44:10 [notice] 1#1: start worker process 30
2025/04/27 21:44:10 [notice] 1#1: start worker process 31
2025/04/27 21:44:10 [notice] 1#1: start worker process 32
2025/04/27 21:44:10 [notice] 1#1: start worker process 33
2025/04/27 21:44:10 [notice] 1#1: start worker process 34
2025/04/27 21:44:10 [notice] 1#1: start worker process 35
2025/04/27 21:44:10 [notice] 1#1: start worker process 36
2025/04/27 21:44:10 [notice] 1#1: start worker process 37
2025/04/27 21:44:10 [notice] 1#1: start worker process 38
2025/04/27 21:44:10 [notice] 1#1: start worker process 39
2025/04/27 21:44:10 [notice] 1#1: start worker process 40
2025/04/27 22:02:09 [notice] 1#1: signal 3 (SIGQUIT) received, shutting down
2025/04/27 22:02:09 [notice] 29#29: gracefully shutting down
2025/04/27 22:02:09 [notice] 31#31: gracefully shutting down
2025/04/27 22:02:09 [notice] 31#31: exiting
2025/04/27 22:02:09 [notice] 37#37: gracefully shutting down
2025/04/27 22:02:09 [notice] 36#36: gracefully shutting down
2025/04/27 22:02:09 [notice] 40#40: gracefully shutting down
2025/04/27 22:02:09 [notice] 40#40: exiting
2025/04/27 22:02:09 [notice] 32#32: gracefully shutting down
2025/04/27 22:02:09 [notice] 32#32: exiting
2025/04/27 22:02:09 [notice] 39#39: gracefully shutting down
2025/04/27 22:02:09 [notice] 33#33: gracefully shutting down
2025/04/27 22:02:09 [notice] 35#35: gracefully shutting down
2025/04/27 22:02:09 [notice] 38#38: gracefully shutting down
2025/04/27 22:02:09 [notice] 30#30: gracefully shutting down
2025/04/27 22:02:09 [notice] 34#34: gracefully shutting down
2025/04/27 22:02:09 [notice] 29#29: exiting
2025/04/27 22:02:09 [notice] 31#31: exit
2025/04/27 22:02:09 [notice] 37#37: exiting
2025/04/27 22:02:09 [notice] 36#36: exiting
2025/04/27 22:02:09 [notice] 40#40: exit
2025/04/27 22:02:09 [notice] 36#36: exit
2025/04/27 22:02:09 [notice] 32#32: exit
2025/04/27 22:02:09 [notice] 39#39: exiting
2025/04/27 22:02:09 [notice] 33#33: exiting
2025/04/27 22:02:09 [notice] 35#35: exiting
2025/04/27 22:02:09 [notice] 38#38: exiting
2025/04/27 22:02:09 [notice] 30#30: exiting
2025/04/27 22:02:09 [notice] 29#29: exit
2025/04/27 22:02:09 [notice] 34#34: exiting
2025/04/27 22:02:09 [notice] 37#37: exit
2025/04/27 22:02:09 [notice] 39#39: exit
2025/04/27 22:02:09 [notice] 33#33: exit
2025/04/27 22:02:09 [notice] 35#35: exit
2025/04/27 22:02:09 [notice] 38#38: exit
2025/04/27 22:02:09 [notice] 30#30: exit
2025/04/27 22:02:09 [notice] 34#34: exit
2025/04/27 22:02:09 [notice] 1#1: signal 17 (SIGCHLD) received from 37
2025/04/27 22:02:09 [notice] 1#1: worker process 32 exited with code 0
2025/04/27 22:02:09 [notice] 1#1: worker process 36 exited with code 0
2025/04/27 22:02:09 [notice] 1#1: worker process 37 exited with code 0
2025/04/27 22:02:09 [notice] 1#1: worker process 39 exited with code 0
2025/04/27 22:02:09 [notice] 1#1: worker process 40 exited with code 0
2025/04/27 22:02:09 [notice] 1#1: signal 29 (SIGIO) received
2025/04/27 22:02:09 [notice] 1#1: signal 17 (SIGCHLD) received from 34
2025/04/27 22:02:09 [notice] 1#1: worker process 29 exited with code 0
2025/04/27 22:02:09 [notice] 1#1: worker process 31 exited with code 0
2025/04/27 22:02:09 [notice] 1#1: worker process 33 exited with code 0
2025/04/27 22:02:09 [notice] 1#1: worker process 34 exited with code 0
2025/04/27 22:02:09 [notice] 1#1: signal 29 (SIGIO) received
2025/04/27 22:02:09 [notice] 1#1: signal 17 (SIGCHLD) received from 29
2025/04/27 22:02:09 [notice] 1#1: signal 17 (SIGCHLD) received from 30
2025/04/27 22:02:09 [notice] 1#1: worker process 30 exited with code 0
2025/04/27 22:02:09 [notice] 1#1: worker process 38 exited with code 0
2025/04/27 22:02:09 [notice] 1#1: signal 29 (SIGIO) received
2025/04/27 22:02:09 [notice] 1#1: signal 17 (SIGCHLD) received from 38
2025/04/27 22:02:09 [notice] 1#1: signal 17 (SIGCHLD) received from 35
2025/04/27 22:02:09 [notice] 1#1: worker process 35 exited with code 0
2025/04/27 22:02:09 [notice] 1#1: exit
2025/04/27 22:02:16 [notice] 1#1: using the "epoll" event method
2025/04/27 22:02:16 [notice] 1#1: nginx/1.27.5
2025/04/27 22:02:16 [notice] 1#1: built by gcc 14.2.0 (Alpine 14.2.0) 
2025/04/27 22:02:16 [notice] 1#1: OS: Linux 5.15.167.4-microsoft-standard-WSL2
2025/04/27 22:02:16 [notice] 1#1: getrlimit(RLIMIT_NOFILE): 1048576:1048576
2025/04/27 22:02:16 [notice] 1#1: start worker processes
2025/04/27 22:02:16 [notice] 1#1: start worker process 29
2025/04/27 22:02:16 [notice] 1#1: start worker process 30
2025/04/27 22:02:16 [notice] 1#1: start worker process 31
2025/04/27 22:02:16 [notice] 1#1: start worker process 32
2025/04/27 22:02:16 [notice] 1#1: start worker process 33
2025/04/27 22:02:16 [notice] 1#1: start worker process 34
2025/04/27 22:02:16 [notice] 1#1: start worker process 35
2025/04/27 22:02:16 [notice] 1#1: start worker process 36
2025/04/27 22:02:16 [notice] 1#1: start worker process 37
2025/04/27 22:02:16 [notice] 1#1: start worker process 38
2025/04/27 22:02:16 [notice] 1#1: start worker process 39
2025/04/27 22:02:16 [notice] 1#1: start worker process 40
2025/04/27 22:14:37 [notice] 1#1: signal 3 (SIGQUIT) received, shutting down
2025/04/27 22:14:37 [notice] 29#29: gracefully shutting down
2025/04/27 22:14:37 [notice] 38#38: gracefully shutting down
2025/04/27 22:14:37 [notice] 32#32: gracefully shutting down
2025/04/27 22:14:37 [notice] 35#35: gracefully shutting down
2025/04/27 22:14:37 [notice] 40#40: gracefully shutting down
2025/04/27 22:14:37 [notice] 30#30: gracefully shutting down
2025/04/27 22:14:37 [notice] 39#39: gracefully shutting down
2025/04/27 22:14:37 [notice] 31#31: gracefully shutting down
2025/04/27 22:14:37 [notice] 33#33: gracefully shutting down
2025/04/27 22:14:37 [notice] 36#36: gracefully shutting down
2025/04/27 22:14:37 [notice] 34#34: gracefully shutting down
2025/04/27 22:14:37 [notice] 37#37: gracefully shutting down
2025/04/27 22:14:37 [notice] 29#29: exiting
2025/04/27 22:14:37 [notice] 38#38: exiting
2025/04/27 22:14:37 [notice] 32#32: exiting
2025/04/27 22:14:37 [notice] 35#35: exiting
2025/04/27 22:14:37 [notice] 40#40: exiting
2025/04/27 22:14:37 [notice] 30#30: exiting
2025/04/27 22:14:37 [notice] 39#39: exiting
2025/04/27 22:14:37 [notice] 31#31: exiting
2025/04/27 22:14:37 [notice] 33#33: exiting
2025/04/27 22:14:37 [notice] 36#36: exiting
2025/04/27 22:14:37 [notice] 34#34: exiting
2025/04/27 22:14:37 [notice] 37#37: exiting
2025/04/27 22:14:37 [notice] 29#29: exit
2025/04/27 22:14:37 [notice] 38#38: exit
2025/04/27 22:14:37 [notice] 32#32: exit
2025/04/27 22:14:37 [notice] 35#35: exit
2025/04/27 22:14:37 [notice] 40#40: exit
2025/04/27 22:14:37 [notice] 30#30: exit
2025/04/27 22:14:37 [notice] 39#39: exit
2025/04/27 22:14:37 [notice] 31#31: exit
2025/04/27 22:14:37 [notice] 33#33: exit
2025/04/27 22:14:37 [notice] 36#36: exit
2025/04/27 22:14:37 [notice] 34#34: exit
2025/04/27 22:14:37 [notice] 37#37: exit
2025/04/27 22:14:38 [notice] 1#1: signal 17 (SIGCHLD) received from 33
2025/04/27 22:14:38 [notice] 1#1: worker process 33 exited with code 0
2025/04/27 22:14:38 [notice] 1#1: worker process 37 exited with code 0
2025/04/27 22:14:38 [notice] 1#1: worker process 38 exited with code 0
2025/04/27 22:14:38 [notice] 1#1: worker process 39 exited with code 0
2025/04/27 22:14:38 [notice] 1#1: worker process 40 exited with code 0
2025/04/27 22:14:38 [notice] 1#1: signal 29 (SIGIO) received
2025/04/27 22:14:38 [notice] 1#1: signal 17 (SIGCHLD) received from 38
2025/04/27 22:14:38 [notice] 1#1: signal 17 (SIGCHLD) received from 32
2025/04/27 22:14:38 [notice] 1#1: worker process 30 exited with code 0
2025/04/27 22:14:38 [notice] 1#1: worker process 32 exited with code 0
2025/04/27 22:14:38 [notice] 1#1: worker process 34 exited with code 0
2025/04/27 22:14:38 [notice] 1#1: worker process 35 exited with code 0
2025/04/27 22:14:38 [notice] 1#1: worker process 36 exited with code 0
2025/04/27 22:14:38 [notice] 1#1: signal 29 (SIGIO) received
2025/04/27 22:14:38 [notice] 1#1: signal 17 (SIGCHLD) received from 34
2025/04/27 22:14:38 [notice] 1#1: signal 17 (SIGCHLD) received from 29
2025/04/27 22:14:38 [notice] 1#1: worker process 29 exited with code 0
2025/04/27 22:14:38 [notice] 1#1: worker process 31 exited with code 0
2025/04/27 22:14:38 [notice] 1#1: exit
2025/04/27 22:15:09 [notice] 1#1: using the "epoll" event method
2025/04/27 22:15:09 [notice] 1#1: nginx/1.27.5
2025/04/27 22:15:09 [notice] 1#1: built by gcc 14.2.0 (Alpine 14.2.0) 
2025/04/27 22:15:09 [notice] 1#1: OS: Linux 5.15.167.4-microsoft-standard-WSL2
2025/04/27 22:15:09 [notice] 1#1: getrlimit(RLIMIT_NOFILE): 1048576:1048576
2025/04/27 22:15:09 [notice] 1#1: start worker processes
2025/04/27 22:15:09 [notice] 1#1: start worker process 29
2025/04/27 22:15:09 [notice] 1#1: start worker process 30
2025/04/27 22:15:09 [notice] 1#1: start worker process 31
2025/04/27 22:15:09 [notice] 1#1: start worker process 32
2025/04/27 22:15:09 [notice] 1#1: start worker process 33
2025/04/27 22:15:09 [notice] 1#1: start worker process 34
2025/04/27 22:15:09 [notice] 1#1: start worker process 35
2025/04/27 22:15:09 [notice] 1#1: start worker process 36
2025/04/27 22:15:09 [notice] 1#1: start worker process 37
2025/04/27 22:15:09 [notice] 1#1: start worker process 38
2025/04/27 22:15:09 [notice] 1#1: start worker process 39
2025/04/27 22:15:09 [notice] 1#1: start worker process 40
2025/04/27 22:15:45 [notice] 1#1: signal 3 (SIGQUIT) received, shutting down
2025/04/27 22:15:45 [notice] 32#32: gracefully shutting down
2025/04/27 22:15:45 [notice] 32#32: exiting
2025/04/27 22:15:45 [notice] 29#29: gracefully shutting down
2025/04/27 22:15:45 [notice] 29#29: exiting
2025/04/27 22:15:45 [notice] 33#33: gracefully shutting down
2025/04/27 22:15:45 [notice] 33#33: exiting
2025/04/27 22:15:45 [notice] 31#31: gracefully shutting down
2025/04/27 22:15:45 [notice] 39#39: gracefully shutting down
2025/04/27 22:15:45 [notice] 34#34: gracefully shutting down
2025/04/27 22:15:45 [notice] 34#34: exiting
2025/04/27 22:15:45 [notice] 37#37: gracefully shutting down
2025/04/27 22:15:45 [notice] 36#36: gracefully shutting down
2025/04/27 22:15:45 [notice] 35#35: gracefully shutting down
2025/04/27 22:15:45 [notice] 38#38: gracefully shutting down
2025/04/27 22:15:45 [notice] 38#38: exiting
2025/04/27 22:15:45 [notice] 30#30: gracefully shutting down
2025/04/27 22:15:45 [notice] 40#40: gracefully shutting down
2025/04/27 22:15:45 [notice] 40#40: exiting
2025/04/27 22:15:45 [notice] 32#32: exit
2025/04/27 22:15:45 [notice] 29#29: exit
2025/04/27 22:15:45 [notice] 33#33: exit
2025/04/27 22:15:45 [notice] 31#31: exiting
2025/04/27 22:15:45 [notice] 39#39: exiting
2025/04/27 22:15:45 [notice] 34#34: exit
2025/04/27 22:15:45 [notice] 37#37: exiting
2025/04/27 22:15:45 [notice] 36#36: exiting
2025/04/27 22:15:45 [notice] 35#35: exiting
2025/04/27 22:15:45 [notice] 38#38: exit
2025/04/27 22:15:45 [notice] 30#30: exiting
2025/04/27 22:15:45 [notice] 40#40: exit
2025/04/27 22:15:45 [notice] 31#31: exit
2025/04/27 22:15:45 [notice] 39#39: exit
2025/04/27 22:15:45 [notice] 37#37: exit
2025/04/27 22:15:45 [notice] 36#36: exit
2025/04/27 22:15:45 [notice] 35#35: exit
2025/04/27 22:15:45 [notice] 30#30: exit
2025/04/27 22:15:45 [notice] 1#1: signal 17 (SIGCHLD) received from 34
2025/04/27 22:15:45 [notice] 1#1: worker process 30 exited with code 0
2025/04/27 22:15:45 [notice] 1#1: worker process 32 exited with code 0
2025/04/27 22:15:45 [notice] 1#1: worker process 33 exited with code 0
2025/04/27 22:15:45 [notice] 1#1: worker process 34 exited with code 0
2025/04/27 22:15:45 [notice] 1#1: worker process 35 exited with code 0
2025/04/27 22:15:45 [notice] 1#1: worker process 36 exited with code 0
2025/04/27 22:15:45 [notice] 1#1: worker process 38 exited with code 0
2025/04/27 22:15:45 [notice] 1#1: worker process 39 exited with code 0
2025/04/27 22:15:45 [notice] 1#1: signal 29 (SIGIO) received
2025/04/27 22:15:45 [notice] 1#1: signal 17 (SIGCHLD) received from 33
2025/04/27 22:15:45 [notice] 1#1: signal 17 (SIGCHLD) received from 37
2025/04/27 22:15:45 [notice] 1#1: worker process 37 exited with code 0
2025/04/27 22:15:45 [notice] 1#1: signal 29 (SIGIO) received
2025/04/27 22:15:45 [notice] 1#1: signal 17 (SIGCHLD) received from 40
2025/04/27 22:15:45 [notice] 1#1: worker process 29 exited with code 0
2025/04/27 22:15:45 [notice] 1#1: worker process 31 exited with code 0
2025/04/27 22:15:45 [notice] 1#1: worker process 40 exited with code 0
2025/04/27 22:15:45 [notice] 1#1: exit
2025/04/27 22:15:47 [notice] 1#1: using the "epoll" event method
2025/04/27 22:15:47 [notice] 1#1: nginx/1.27.5
2025/04/27 22:15:47 [notice] 1#1: built by gcc 14.2.0 (Alpine 14.2.0) 
2025/04/27 22:15:47 [notice] 1#1: OS: Linux 5.15.167.4-microsoft-standard-WSL2
2025/04/27 22:15:47 [notice] 1#1: getrlimit(RLIMIT_NOFILE): 1048576:1048576
2025/04/27 22:15:47 [notice] 1#1: start worker processes
2025/04/27 22:15:47 [notice] 1#1: start worker process 29
2025/04/27 22:15:47 [notice] 1#1: start worker process 30
2025/04/27 22:15:47 [notice] 1#1: start worker process 31
2025/04/27 22:15:47 [notice] 1#1: start worker process 32
2025/04/27 22:15:47 [notice] 1#1: start worker process 33
2025/04/27 22:15:47 [notice] 1#1: start worker process 34
2025/04/27 22:15:47 [notice] 1#1: start worker process 35
2025/04/27 22:15:47 [notice] 1#1: start worker process 36
2025/04/27 22:15:47 [notice] 1#1: start worker process 37
2025/04/27 22:15:47 [notice] 1#1: start worker process 38
2025/04/27 22:15:47 [notice] 1#1: start worker process 39
2025/04/27 22:15:47 [notice] 1#1: start worker process 40
2025/04/27 22:16:14 [notice] 1#1: signal 3 (SIGQUIT) received, shutting down
2025/04/27 22:16:14 [notice] 29#29: gracefully shutting down
2025/04/27 22:16:14 [notice] 30#30: gracefully shutting down
2025/04/27 22:16:14 [notice] 33#33: gracefully shutting down
2025/04/27 22:16:14 [notice] 33#33: exiting
2025/04/27 22:16:14 [notice] 31#31: gracefully shutting down
2025/04/27 22:16:14 [notice] 39#39: gracefully shutting down
2025/04/27 22:16:14 [notice] 32#32: gracefully shutting down
2025/04/27 22:16:14 [notice] 32#32: exiting
2025/04/27 22:16:14 [notice] 36#36: gracefully shutting down
2025/04/27 22:16:14 [notice] 36#36: exiting
2025/04/27 22:16:14 [notice] 37#37: gracefully shutting down
2025/04/27 22:16:14 [notice] 38#38: gracefully shutting down
2025/04/27 22:16:14 [notice] 34#34: gracefully shutting down
2025/04/27 22:16:14 [notice] 35#35: gracefully shutting down
2025/04/27 22:16:14 [notice] 35#35: exiting
2025/04/27 22:16:14 [notice] 40#40: gracefully shutting down
2025/04/27 22:16:14 [notice] 29#29: exiting
2025/04/27 22:16:14 [notice] 30#30: exiting
2025/04/27 22:16:14 [notice] 33#33: exit
2025/04/27 22:16:14 [notice] 31#31: exiting
2025/04/27 22:16:14 [notice] 39#39: exiting
2025/04/27 22:16:14 [notice] 32#32: exit
2025/04/27 22:16:14 [notice] 36#36: exit
2025/04/27 22:16:14 [notice] 37#37: exiting
2025/04/27 22:16:14 [notice] 38#38: exiting
2025/04/27 22:16:14 [notice] 34#34: exiting
2025/04/27 22:16:14 [notice] 35#35: exit
2025/04/27 22:16:14 [notice] 40#40: exiting
2025/04/27 22:16:14 [notice] 29#29: exit
2025/04/27 22:16:14 [notice] 30#30: exit
2025/04/27 22:16:14 [notice] 31#31: exit
2025/04/27 22:16:14 [notice] 39#39: exit
2025/04/27 22:16:14 [notice] 37#37: exit
2025/04/27 22:16:14 [notice] 38#38: exit
2025/04/27 22:16:14 [notice] 34#34: exit
2025/04/27 22:16:14 [notice] 40#40: exit
2025/04/27 22:16:14 [notice] 1#1: signal 17 (SIGCHLD) received from 39
2025/04/27 22:16:14 [notice] 1#1: worker process 39 exited with code 0
2025/04/27 22:16:14 [notice] 1#1: worker process 29 exited with code 0
2025/04/27 22:16:14 [notice] 1#1: worker process 30 exited with code 0
2025/04/27 22:16:14 [notice] 1#1: worker process 31 exited with code 0
2025/04/27 22:16:14 [notice] 1#1: worker process 32 exited with code 0
2025/04/27 22:16:14 [notice] 1#1: worker process 33 exited with code 0
2025/04/27 22:16:14 [notice] 1#1: worker process 34 exited with code 0
2025/04/27 22:16:14 [notice] 1#1: worker process 35 exited with code 0
2025/04/27 22:16:14 [notice] 1#1: worker process 36 exited with code 0
2025/04/27 22:16:14 [notice] 1#1: worker process 37 exited with code 0
2025/04/27 22:16:14 [notice] 1#1: worker process 38 exited with code 0
2025/04/27 22:16:14 [notice] 1#1: worker process 40 exited with code 0
2025/04/27 22:16:14 [notice] 1#1: exit
2025/04/27 22:18:09 [notice] 1#1: using the "epoll" event method
2025/04/27 22:18:09 [notice] 1#1: nginx/1.27.5
2025/04/27 22:18:09 [notice] 1#1: built by gcc 14.2.0 (Alpine 14.2.0) 
2025/04/27 22:18:09 [notice] 1#1: OS: Linux 5.15.167.4-microsoft-standard-WSL2
2025/04/27 22:18:09 [notice] 1#1: getrlimit(RLIMIT_NOFILE): 1048576:1048576
